2024-07-09 00:23:55	C:/Bitnami/wappstack-8.0.13-0/apache2/htdocs/siga_php8/help/core/data/pages/inicio.txt	Warning: current file modification time is older than last revision date
  File revision: 1437663910 2015-07-23 15:05:10
  Last revision: 1437665710 2015-07-23 15:35:10
2024-07-09 00:31:01	C:/Bitnami/wappstack-8.0.13-0/apache2/htdocs/siga_php8/help/core/data/pages/inicio.txt	Warning: current file modification time is older than last revision date
  File revision: 1437663910 2015-07-23 15:05:10
  Last revision: 1437665710 2015-07-23 15:35:10
2024-07-09 00:32:08	C:/Bitnami/wappstack-8.0.13-0/apache2/htdocs/siga_php8/help/core/data/pages/inicio.txt	Warning: current file modification time is older than last revision date
  File revision: 1437663910 2015-07-23 15:05:10
  Last revision: 1437665710 2015-07-23 15:35:10
2024-07-09 00:34:58	C:/Bitnami/wappstack-8.0.13-0/apache2/htdocs/siga_php8/help/core/data/pages/inicio.txt	Warning: current file modification time is older than last revision date
  File revision: 1437663910 2015-07-23 15:05:10
  Last revision: 1437665710 2015-07-23 15:35:10
2024-07-09 00:35:26	C:/Bitnami/wappstack-8.0.13-0/apache2/htdocs/siga_php8/help/core/data/pages/inicio.txt	Warning: current file modification time is older than last revision date
  File revision: 1437663910 2015-07-23 15:05:10
  Last revision: 1437665710 2015-07-23 15:35:10
2024-07-09 00:36:52	C:/Bitnami/wappstack-8.0.13-0/apache2/htdocs/siga_php8/help/core/data/pages/inicio.txt	Warning: current file modification time is older than last revision date
  File revision: 1437663910 2015-07-23 15:05:10
  Last revision: 1437665710 2015-07-23 15:35:10
2024-07-09 00:37:08	C:/Bitnami/wappstack-8.0.13-0/apache2/htdocs/siga_php8/help/core/data/pages/ingreso_a_la_aplicacion.txt	Warning: current file modification time is older than last revision date
  File revision: 1432295584 2015-05-22 11:53:04
  Last revision: 1432297384 2015-05-22 12:23:04
2024-07-09 00:37:39	C:/Bitnami/wappstack-8.0.13-0/apache2/htdocs/siga_php8/help/core/data/pages/ingreso_a_la_aplicacion.txt	Warning: current file modification time is older than last revision date
  File revision: 1432295584 2015-05-22 11:53:04
  Last revision: 1432297384 2015-05-22 12:23:04
2024-07-09 00:37:41	C:/Bitnami/wappstack-8.0.13-0/apache2/htdocs/siga_php8/help/core/data/pages/ingreso_a_la_aplicacion.txt	Warning: current file modification time is older than last revision date
  File revision: 1432295584 2015-05-22 11:53:04
  Last revision: 1432297384 2015-05-22 12:23:04
2024-07-09 00:37:41	C:/Bitnami/wappstack-8.0.13-0/apache2/htdocs/siga_php8/help/core/data/pages/ingreso_a_la_aplicacion.txt	Warning: current file modification time is older than last revision date
  File revision: 1432295584 2015-05-22 11:53:04
  Last revision: 1432297384 2015-05-22 12:23:04
2024-07-09 00:38:18	C:/Bitnami/wappstack-8.0.13-0/apache2/htdocs/siga_php8/help/core/data/pages/ingreso_a_la_aplicacion.txt	Warning: current file modification time is older than last revision date
  File revision: 1432295584 2015-05-22 11:53:04
  Last revision: 1432297384 2015-05-22 12:23:04
2024-07-09 00:38:18	C:/Bitnami/wappstack-8.0.13-0/apache2/htdocs/siga_php8/help/core/data/pages/ingreso_a_la_aplicacion.txt	Warning: current file modification time is older than last revision date
  File revision: 1432295584 2015-05-22 11:53:04
  Last revision: 1432297384 2015-05-22 12:23:04
2024-07-09 00:38:18	C:/Bitnami/wappstack-8.0.13-0/apache2/htdocs/siga_php8/help/core/data/pages/ingreso_a_la_aplicacion.txt	PageFile(ingreso_a_la_aplicacion)::detectExternalEdit(): timestamp successfully modified
  (1432295584 -> 1432297385)
2024-07-09 00:40:56	C:/Bitnami/wappstack-8.0.13-0/apache2/htdocs/siga_php8/help/core/data/pages/inicio.txt	Warning: current file modification time is older than last revision date
  File revision: 1437663910 2015-07-23 15:05:10
  Last revision: 1437665710 2015-07-23 15:35:10
2024-07-09 00:41:50	C:/Bitnami/wappstack-8.0.13-0/apache2/htdocs/siga_php8/help/core/data/pages/inicio.txt	Warning: current file modification time is older than last revision date
  File revision: 1437663910 2015-07-23 15:05:10
  Last revision: 1437665710 2015-07-23 15:35:10
2024-07-09 00:42:08	C:/Bitnami/wappstack-8.0.13-0/apache2/htdocs/siga_php8/help/core/data/pages/inicio.txt	Warning: current file modification time is older than last revision date
  File revision: 1437663910 2015-07-23 15:05:10
  Last revision: 1437665710 2015-07-23 15:35:10
2024-07-09 00:42:33	C:/Bitnami/wappstack-8.0.13-0/apache2/htdocs/siga_php8/help/core/data/pages/inicio.txt	Warning: current file modification time is older than last revision date
  File revision: 1437663910 2015-07-23 15:05:10
  Last revision: 1437665710 2015-07-23 15:35:10
2024-07-09 00:42:40	C:/Bitnami/wappstack-8.0.13-0/apache2/htdocs/siga_php8/help/core/data/pages/inicio.txt	Warning: current file modification time is older than last revision date
  File revision: 1437663910 2015-07-23 15:05:10
  Last revision: 1437665710 2015-07-23 15:35:10
2024-07-09 00:43:09	C:/Bitnami/wappstack-8.0.13-0/apache2/htdocs/siga_php8/help/core/data/pages/inicio.txt	Warning: current file modification time is older than last revision date
  File revision: 1437663910 2015-07-23 15:05:10
  Last revision: 1437665710 2015-07-23 15:35:10
2024-07-09 00:43:37	C:/Bitnami/wappstack-8.0.13-0/apache2/htdocs/siga_php8/help/core/data/pages/inicio.txt	Warning: current file modification time is older than last revision date
  File revision: 1437663910 2015-07-23 15:05:10
  Last revision: 1437665710 2015-07-23 15:35:10
2024-07-09 00:43:46	C:/Bitnami/wappstack-8.0.13-0/apache2/htdocs/siga_php8/help/core/data/pages/inicio.txt	Warning: current file modification time is older than last revision date
  File revision: 1437663910 2015-07-23 15:05:10
  Last revision: 1437665710 2015-07-23 15:35:10
2024-07-09 00:44:21	C:/Bitnami/wappstack-8.0.13-0/apache2/htdocs/siga_php8/help/core/data/pages/inicio.txt	Warning: current file modification time is older than last revision date
  File revision: 1437663910 2015-07-23 15:05:10
  Last revision: 1437665710 2015-07-23 15:35:10
2024-07-09 00:44:29	C:/Bitnami/wappstack-8.0.13-0/apache2/htdocs/siga_php8/help/core/data/pages/inicio.txt	Warning: current file modification time is older than last revision date
  File revision: 1437663910 2015-07-23 15:05:10
  Last revision: 1437665710 2015-07-23 15:35:10
2024-07-09 00:44:41	C:/Bitnami/wappstack-8.0.13-0/apache2/htdocs/siga_php8/help/core/data/pages/inicio.txt	Warning: current file modification time is older than last revision date
  File revision: 1437663910 2015-07-23 15:05:10
  Last revision: 1437665710 2015-07-23 15:35:10
2024-07-09 00:46:57	C:/Bitnami/wappstack-8.0.13-0/apache2/htdocs/siga_php8/help/core/data/pages/inicio.txt	Warning: current file modification time is older than last revision date
  File revision: 1437663910 2015-07-23 15:05:10
  Last revision: 1437665710 2015-07-23 15:35:10
2024-07-09 00:47:03	C:/Bitnami/wappstack-8.0.13-0/apache2/htdocs/siga_php8/help/core/data/pages/inicio.txt	Warning: current file modification time is older than last revision date
  File revision: 1437663910 2015-07-23 15:05:10
  Last revision: 1437665710 2015-07-23 15:35:10
2024-07-09 00:48:11	C:/Bitnami/wappstack-8.0.13-0/apache2/htdocs/siga_php8/help/core/data/pages/inicio.txt	Warning: current file modification time is older than last revision date
  File revision: 1437663910 2015-07-23 15:05:10
  Last revision: 1437665710 2015-07-23 15:35:10
2024-07-09 00:48:20	C:/Bitnami/wappstack-8.0.13-0/apache2/htdocs/siga_php8/help/core/data/pages/inicio.txt	Warning: current file modification time is older than last revision date
  File revision: 1437663910 2015-07-23 15:05:10
  Last revision: 1437665710 2015-07-23 15:35:10
2024-07-09 00:49:18	C:/Bitnami/wappstack-8.0.13-0/apache2/htdocs/siga_php8/help/core/data/pages/inicio.txt	Warning: current file modification time is older than last revision date
  File revision: 1437663910 2015-07-23 15:05:10
  Last revision: 1437665710 2015-07-23 15:35:10
2024-07-09 00:49:35	C:/Bitnami/wappstack-8.0.13-0/apache2/htdocs/siga_php8/help/core/data/pages/inicio.txt	Warning: current file modification time is older than last revision date
  File revision: 1437663910 2015-07-23 15:05:10
  Last revision: 1437665710 2015-07-23 15:35:10
2024-07-09 00:49:47	C:/Bitnami/wappstack-8.0.13-0/apache2/htdocs/siga_php8/help/core/data/pages/inicio.txt	Warning: current file modification time is older than last revision date
  File revision: 1437663910 2015-07-23 15:05:10
  Last revision: 1437665710 2015-07-23 15:35:10
2024-07-09 00:49:59	C:/Bitnami/wappstack-8.0.13-0/apache2/htdocs/siga_php8/help/core/data/pages/inicio.txt	Warning: current file modification time is older than last revision date
  File revision: 1437663910 2015-07-23 15:05:10
  Last revision: 1437665710 2015-07-23 15:35:10
2024-07-09 00:50:03	C:/Bitnami/wappstack-8.0.13-0/apache2/htdocs/siga_php8/help/core/data/pages/inicio.txt	Warning: current file modification time is older than last revision date
  File revision: 1437663910 2015-07-23 15:05:10
  Last revision: 1437665710 2015-07-23 15:35:10
2024-07-09 00:50:05	C:/Bitnami/wappstack-8.0.13-0/apache2/htdocs/siga_php8/help/core/data/pages/movimiento_bancario.txt	Warning: current file modification time is older than last revision date
  File revision: 1432639332 2015-05-26 11:22:12
  Last revision: 1432641133 2015-05-26 11:52:13
2024-07-09 00:50:07	C:/Bitnami/wappstack-8.0.13-0/apache2/htdocs/siga_php8/help/core/data/pages/movimiento_bancario.txt	Warning: current file modification time is older than last revision date
  File revision: 1432639332 2015-05-26 11:22:12
  Last revision: 1432641133 2015-05-26 11:52:13
2024-07-09 00:50:32	C:/Bitnami/wappstack-8.0.13-0/apache2/htdocs/siga_php8/help/core/data/pages/movimiento_bancario.txt	Warning: current file modification time is older than last revision date
  File revision: 1432639332 2015-05-26 11:22:12
  Last revision: 1432641133 2015-05-26 11:52:13
2024-07-09 00:50:42	C:/Bitnami/wappstack-8.0.13-0/apache2/htdocs/siga_php8/help/core/data/pages/movimiento_bancario.txt	Warning: current file modification time is older than last revision date
  File revision: 1432639332 2015-05-26 11:22:12
  Last revision: 1432641133 2015-05-26 11:52:13
2024-07-09 00:50:50	C:/Bitnami/wappstack-8.0.13-0/apache2/htdocs/siga_php8/help/core/data/pages/movimiento_bancario.txt	Warning: current file modification time is older than last revision date
  File revision: 1432639332 2015-05-26 11:22:12
  Last revision: 1432641133 2015-05-26 11:52:13
2024-07-09 00:50:50	C:/Bitnami/wappstack-8.0.13-0/apache2/htdocs/siga_php8/help/core/data/pages/movimiento_bancario.txt	Warning: current file modification time is older than last revision date
  File revision: 1432639332 2015-05-26 11:22:12
  Last revision: 1432641133 2015-05-26 11:52:13
2024-07-09 00:50:55	C:/Bitnami/wappstack-8.0.13-0/apache2/htdocs/siga_php8/help/core/data/pages/movimiento_bancario.txt	Warning: current file modification time is older than last revision date
  File revision: 1432639332 2015-05-26 11:22:12
  Last revision: 1432641133 2015-05-26 11:52:13
2024-07-09 00:50:55	C:/Bitnami/wappstack-8.0.13-0/apache2/htdocs/siga_php8/help/core/data/pages/movimiento_bancario.txt	Warning: current file modification time is older than last revision date
  File revision: 1432639332 2015-05-26 11:22:12
  Last revision: 1432641133 2015-05-26 11:52:13
2024-07-09 00:50:55	C:/Bitnami/wappstack-8.0.13-0/apache2/htdocs/siga_php8/help/core/data/pages/movimiento_bancario.txt	PageFile(movimiento_bancario)::detectExternalEdit(): timestamp successfully modified
  (1432639332 -> 1432641134)
2024-07-09 00:51:23	C:/Bitnami/wappstack-8.0.13-0/apache2/htdocs/siga_php8/help/core/data/pages/inicio.txt	Warning: current file modification time is older than last revision date
  File revision: 1437663910 2015-07-23 15:05:10
  Last revision: 1437665710 2015-07-23 15:35:10
2024-07-09 00:51:33	C:/Bitnami/wappstack-8.0.13-0/apache2/htdocs/siga_php8/help/core/data/pages/requisicion_externa.txt	Warning: current file modification time is older than last revision date
  File revision: 1432802050 2015-05-28 08:34:10
  Last revision: 1432803850 2015-05-28 09:04:10
2024-07-09 00:51:45	C:/Bitnami/wappstack-8.0.13-0/apache2/htdocs/siga_php8/help/core/data/pages/requisicion_externa.txt	Warning: current file modification time is older than last revision date
  File revision: 1432802050 2015-05-28 08:34:10
  Last revision: 1432803850 2015-05-28 09:04:10
2024-07-09 00:51:45	C:/Bitnami/wappstack-8.0.13-0/apache2/htdocs/siga_php8/help/core/data/pages/requisicion_externa.txt	Warning: current file modification time is older than last revision date
  File revision: 1432802050 2015-05-28 08:34:10
  Last revision: 1432803850 2015-05-28 09:04:10
2024-07-09 00:51:47	C:/Bitnami/wappstack-8.0.13-0/apache2/htdocs/siga_php8/help/core/data/pages/requisicion_externa.txt	Warning: current file modification time is older than last revision date
  File revision: 1432802050 2015-05-28 08:34:10
  Last revision: 1432803850 2015-05-28 09:04:10
2024-07-09 00:51:47	C:/Bitnami/wappstack-8.0.13-0/apache2/htdocs/siga_php8/help/core/data/pages/requisicion_externa.txt	Warning: current file modification time is older than last revision date
  File revision: 1432802050 2015-05-28 08:34:10
  Last revision: 1432803850 2015-05-28 09:04:10
2024-07-09 00:51:47	C:/Bitnami/wappstack-8.0.13-0/apache2/htdocs/siga_php8/help/core/data/pages/requisicion_externa.txt	PageFile(requisicion_externa)::detectExternalEdit(): timestamp successfully modified
  (1432802050 -> 1432803851)
2024-07-09 00:51:56	C:/Bitnami/wappstack-8.0.13-0/apache2/htdocs/siga_php8/help/core/data/pages/inicio.txt	Warning: current file modification time is older than last revision date
  File revision: 1437663910 2015-07-23 15:05:10
  Last revision: 1437665710 2015-07-23 15:35:10
2024-07-09 00:52:00	C:/Bitnami/wappstack-8.0.13-0/apache2/htdocs/siga_php8/help/core/data/pages/orden_de_de_compra.txt	Warning: current file modification time is older than last revision date
  File revision: 1432721370 2015-05-27 10:09:30
  Last revision: 1432723171 2015-05-27 10:39:31
2024-07-09 00:52:03	C:/Bitnami/wappstack-8.0.13-0/apache2/htdocs/siga_php8/help/core/data/pages/orden_de_de_compra.txt	Warning: current file modification time is older than last revision date
  File revision: 1432721370 2015-05-27 10:09:30
  Last revision: 1432723171 2015-05-27 10:39:31
2024-07-09 00:52:16	C:/Bitnami/wappstack-8.0.13-0/apache2/htdocs/siga_php8/help/core/data/pages/orden_de_de_compra.txt	Warning: current file modification time is older than last revision date
  File revision: 1432721370 2015-05-27 10:09:30
  Last revision: 1432723171 2015-05-27 10:39:31
2024-07-09 00:52:16	C:/Bitnami/wappstack-8.0.13-0/apache2/htdocs/siga_php8/help/core/data/pages/orden_de_de_compra.txt	Warning: current file modification time is older than last revision date
  File revision: 1432721370 2015-05-27 10:09:30
  Last revision: 1432723171 2015-05-27 10:39:31
2024-07-09 00:52:18	C:/Bitnami/wappstack-8.0.13-0/apache2/htdocs/siga_php8/help/core/data/pages/orden_de_de_compra.txt	Warning: current file modification time is older than last revision date
  File revision: 1432721370 2015-05-27 10:09:30
  Last revision: 1432723171 2015-05-27 10:39:31
2024-07-09 00:52:18	C:/Bitnami/wappstack-8.0.13-0/apache2/htdocs/siga_php8/help/core/data/pages/orden_de_de_compra.txt	Warning: current file modification time is older than last revision date
  File revision: 1432721370 2015-05-27 10:09:30
  Last revision: 1432723171 2015-05-27 10:39:31
2024-07-09 00:52:18	C:/Bitnami/wappstack-8.0.13-0/apache2/htdocs/siga_php8/help/core/data/pages/orden_de_de_compra.txt	PageFile(orden_de_de_compra)::detectExternalEdit(): timestamp successfully modified
  (1432721370 -> 1432723172)
2024-07-09 00:52:21	C:/Bitnami/wappstack-8.0.13-0/apache2/htdocs/siga_php8/help/core/data/pages/inicio.txt	Warning: current file modification time is older than last revision date
  File revision: 1437663910 2015-07-23 15:05:10
  Last revision: 1437665710 2015-07-23 15:35:10
2024-07-09 00:52:34	C:/Bitnami/wappstack-8.0.13-0/apache2/htdocs/siga_php8/help/core/data/pages/inicio.txt	Warning: current file modification time is older than last revision date
  File revision: 1437663910 2015-07-23 15:05:10
  Last revision: 1437665710 2015-07-23 15:35:10
2024-07-09 00:52:38	C:/Bitnami/wappstack-8.0.13-0/apache2/htdocs/siga_php8/help/core/data/pages/inicio.txt	Warning: current file modification time is older than last revision date
  File revision: 1437663910 2015-07-23 15:05:10
  Last revision: 1437665710 2015-07-23 15:35:10
2024-07-09 00:52:51	C:/Bitnami/wappstack-8.0.13-0/apache2/htdocs/siga_php8/help/core/data/pages/inicio.txt	Warning: current file modification time is older than last revision date
  File revision: 1437663910 2015-07-23 15:05:10
  Last revision: 1437665710 2015-07-23 15:35:10
2024-07-09 00:52:56	C:/Bitnami/wappstack-8.0.13-0/apache2/htdocs/siga_php8/help/core/data/pages/orden_de_servicio.txt	Warning: current file modification time is older than last revision date
  File revision: 1432721596 2015-05-27 10:13:16
  Last revision: 1432723397 2015-05-27 10:43:17
2024-07-09 00:53:08	C:/Bitnami/wappstack-8.0.13-0/apache2/htdocs/siga_php8/help/core/data/pages/orden_de_servicio.txt	Warning: current file modification time is older than last revision date
  File revision: 1432721596 2015-05-27 10:13:16
  Last revision: 1432723397 2015-05-27 10:43:17
2024-07-09 00:53:08	C:/Bitnami/wappstack-8.0.13-0/apache2/htdocs/siga_php8/help/core/data/pages/orden_de_servicio.txt	Warning: current file modification time is older than last revision date
  File revision: 1432721596 2015-05-27 10:13:16
  Last revision: 1432723397 2015-05-27 10:43:17
2024-07-09 00:53:10	C:/Bitnami/wappstack-8.0.13-0/apache2/htdocs/siga_php8/help/core/data/pages/orden_de_servicio.txt	Warning: current file modification time is older than last revision date
  File revision: 1432721596 2015-05-27 10:13:16
  Last revision: 1432723397 2015-05-27 10:43:17
2024-07-09 00:53:10	C:/Bitnami/wappstack-8.0.13-0/apache2/htdocs/siga_php8/help/core/data/pages/orden_de_servicio.txt	Warning: current file modification time is older than last revision date
  File revision: 1432721596 2015-05-27 10:13:16
  Last revision: 1432723397 2015-05-27 10:43:17
2024-07-09 00:53:10	C:/Bitnami/wappstack-8.0.13-0/apache2/htdocs/siga_php8/help/core/data/pages/orden_de_servicio.txt	PageFile(orden_de_servicio)::detectExternalEdit(): timestamp successfully modified
  (1432721596 -> 1432723398)
2024-07-09 00:53:15	C:/Bitnami/wappstack-8.0.13-0/apache2/htdocs/siga_php8/help/core/data/pages/inicio.txt	Warning: current file modification time is older than last revision date
  File revision: 1437663910 2015-07-23 15:05:10
  Last revision: 1437665710 2015-07-23 15:35:10
2024-07-09 00:53:20	C:/Bitnami/wappstack-8.0.13-0/apache2/htdocs/siga_php8/help/core/data/pages/orden_de_pago.txt	Warning: current file modification time is older than last revision date
  File revision: 1432721938 2015-05-27 10:18:58
  Last revision: 1432723738 2015-05-27 10:48:58
2024-07-09 00:53:31	C:/Bitnami/wappstack-8.0.13-0/apache2/htdocs/siga_php8/help/core/data/pages/orden_de_pago.txt	Warning: current file modification time is older than last revision date
  File revision: 1432721938 2015-05-27 10:18:58
  Last revision: 1432723738 2015-05-27 10:48:58
2024-07-09 00:53:31	C:/Bitnami/wappstack-8.0.13-0/apache2/htdocs/siga_php8/help/core/data/pages/orden_de_pago.txt	Warning: current file modification time is older than last revision date
  File revision: 1432721938 2015-05-27 10:18:58
  Last revision: 1432723738 2015-05-27 10:48:58
2024-07-09 00:53:33	C:/Bitnami/wappstack-8.0.13-0/apache2/htdocs/siga_php8/help/core/data/pages/orden_de_pago.txt	Warning: current file modification time is older than last revision date
  File revision: 1432721938 2015-05-27 10:18:58
  Last revision: 1432723738 2015-05-27 10:48:58
2024-07-09 00:53:33	C:/Bitnami/wappstack-8.0.13-0/apache2/htdocs/siga_php8/help/core/data/pages/orden_de_pago.txt	Warning: current file modification time is older than last revision date
  File revision: 1432721938 2015-05-27 10:18:58
  Last revision: 1432723738 2015-05-27 10:48:58
2024-07-09 00:53:33	C:/Bitnami/wappstack-8.0.13-0/apache2/htdocs/siga_php8/help/core/data/pages/orden_de_pago.txt	PageFile(orden_de_pago)::detectExternalEdit(): timestamp successfully modified
  (1432721938 -> 1432723739)
2024-07-09 00:53:38	C:/Bitnami/wappstack-8.0.13-0/apache2/htdocs/siga_php8/help/core/data/pages/inicio.txt	Warning: current file modification time is older than last revision date
  File revision: 1437663910 2015-07-23 15:05:10
  Last revision: 1437665710 2015-07-23 15:35:10
2024-07-09 00:53:46	C:/Bitnami/wappstack-8.0.13-0/apache2/htdocs/siga_php8/help/core/data/pages/inicio.txt	Warning: current file modification time is older than last revision date
  File revision: 1437663910 2015-07-23 15:05:10
  Last revision: 1437665710 2015-07-23 15:35:10
2024-07-09 00:53:51	C:/Bitnami/wappstack-8.0.13-0/apache2/htdocs/siga_php8/help/core/data/pages/cheque_con_orden_de_pago.txt	Warning: current file modification time is older than last revision date
  File revision: 1432722240 2015-05-27 10:24:00
  Last revision: 1432724041 2015-05-27 10:54:01
2024-07-09 00:54:02	C:/Bitnami/wappstack-8.0.13-0/apache2/htdocs/siga_php8/help/core/data/pages/cheque_con_orden_de_pago.txt	Warning: current file modification time is older than last revision date
  File revision: 1432722240 2015-05-27 10:24:00
  Last revision: 1432724041 2015-05-27 10:54:01
2024-07-09 00:54:02	C:/Bitnami/wappstack-8.0.13-0/apache2/htdocs/siga_php8/help/core/data/pages/cheque_con_orden_de_pago.txt	Warning: current file modification time is older than last revision date
  File revision: 1432722240 2015-05-27 10:24:00
  Last revision: 1432724041 2015-05-27 10:54:01
2024-07-09 00:54:03	C:/Bitnami/wappstack-8.0.13-0/apache2/htdocs/siga_php8/help/core/data/pages/cheque_con_orden_de_pago.txt	Warning: current file modification time is older than last revision date
  File revision: 1432722240 2015-05-27 10:24:00
  Last revision: 1432724041 2015-05-27 10:54:01
2024-07-09 00:54:03	C:/Bitnami/wappstack-8.0.13-0/apache2/htdocs/siga_php8/help/core/data/pages/cheque_con_orden_de_pago.txt	Warning: current file modification time is older than last revision date
  File revision: 1432722240 2015-05-27 10:24:00
  Last revision: 1432724041 2015-05-27 10:54:01
2024-07-09 00:54:03	C:/Bitnami/wappstack-8.0.13-0/apache2/htdocs/siga_php8/help/core/data/pages/cheque_con_orden_de_pago.txt	PageFile(cheque_con_orden_de_pago)::detectExternalEdit(): timestamp successfully modified
  (1432722240 -> 1432724042)
2024-07-09 00:54:07	C:/Bitnami/wappstack-8.0.13-0/apache2/htdocs/siga_php8/help/core/data/pages/inicio.txt	Warning: current file modification time is older than last revision date
  File revision: 1437663910 2015-07-23 15:05:10
  Last revision: 1437665710 2015-07-23 15:35:10
2024-07-09 00:54:12	C:/Bitnami/wappstack-8.0.13-0/apache2/htdocs/siga_php8/help/core/data/pages/inicio.txt	Warning: current file modification time is older than last revision date
  File revision: 1437663910 2015-07-23 15:05:10
  Last revision: 1437665710 2015-07-23 15:35:10
2024-07-09 00:54:16	C:/Bitnami/wappstack-8.0.13-0/apache2/htdocs/siga_php8/help/core/data/pages/cheque_directo.txt	Warning: current file modification time is older than last revision date
  File revision: 1432722472 2015-05-27 10:27:52
  Last revision: 1432724273 2015-05-27 10:57:53
2024-07-09 00:54:26	C:/Bitnami/wappstack-8.0.13-0/apache2/htdocs/siga_php8/help/core/data/pages/cheque_directo.txt	Warning: current file modification time is older than last revision date
  File revision: 1432722472 2015-05-27 10:27:52
  Last revision: 1432724273 2015-05-27 10:57:53
2024-07-09 00:54:26	C:/Bitnami/wappstack-8.0.13-0/apache2/htdocs/siga_php8/help/core/data/pages/cheque_directo.txt	Warning: current file modification time is older than last revision date
  File revision: 1432722472 2015-05-27 10:27:52
  Last revision: 1432724273 2015-05-27 10:57:53
2024-07-09 00:54:27	C:/Bitnami/wappstack-8.0.13-0/apache2/htdocs/siga_php8/help/core/data/pages/cheque_directo.txt	Warning: current file modification time is older than last revision date
  File revision: 1432722472 2015-05-27 10:27:52
  Last revision: 1432724273 2015-05-27 10:57:53
2024-07-09 00:54:27	C:/Bitnami/wappstack-8.0.13-0/apache2/htdocs/siga_php8/help/core/data/pages/cheque_directo.txt	Warning: current file modification time is older than last revision date
  File revision: 1432722472 2015-05-27 10:27:52
  Last revision: 1432724273 2015-05-27 10:57:53
2024-07-09 00:54:27	C:/Bitnami/wappstack-8.0.13-0/apache2/htdocs/siga_php8/help/core/data/pages/cheque_directo.txt	PageFile(cheque_directo)::detectExternalEdit(): timestamp successfully modified
  (1432722472 -> 1432724274)
2024-07-09 00:54:30	C:/Bitnami/wappstack-8.0.13-0/apache2/htdocs/siga_php8/help/core/data/pages/inicio.txt	Warning: current file modification time is older than last revision date
  File revision: 1437663910 2015-07-23 15:05:10
  Last revision: 1437665710 2015-07-23 15:35:10
2024-07-09 00:54:33	C:/Bitnami/wappstack-8.0.13-0/apache2/htdocs/siga_php8/help/core/data/pages/comprobante.txt	Warning: current file modification time is older than last revision date
  File revision: 1432722688 2015-05-27 10:31:28
  Last revision: 1432724488 2015-05-27 11:01:28
2024-07-09 00:54:35	C:/Bitnami/wappstack-8.0.13-0/apache2/htdocs/siga_php8/help/core/data/pages/comprobante.txt	Warning: current file modification time is older than last revision date
  File revision: 1432722688 2015-05-27 10:31:28
  Last revision: 1432724488 2015-05-27 11:01:28
2024-07-09 00:54:47	C:/Bitnami/wappstack-8.0.13-0/apache2/htdocs/siga_php8/help/core/data/pages/comprobante.txt	Warning: current file modification time is older than last revision date
  File revision: 1432722688 2015-05-27 10:31:28
  Last revision: 1432724488 2015-05-27 11:01:28
2024-07-09 00:54:47	C:/Bitnami/wappstack-8.0.13-0/apache2/htdocs/siga_php8/help/core/data/pages/comprobante.txt	Warning: current file modification time is older than last revision date
  File revision: 1432722688 2015-05-27 10:31:28
  Last revision: 1432724488 2015-05-27 11:01:28
2024-07-09 00:54:48	C:/Bitnami/wappstack-8.0.13-0/apache2/htdocs/siga_php8/help/core/data/pages/comprobante.txt	Warning: current file modification time is older than last revision date
  File revision: 1432722688 2015-05-27 10:31:28
  Last revision: 1432724488 2015-05-27 11:01:28
2024-07-09 00:54:48	C:/Bitnami/wappstack-8.0.13-0/apache2/htdocs/siga_php8/help/core/data/pages/comprobante.txt	Warning: current file modification time is older than last revision date
  File revision: 1432722688 2015-05-27 10:31:28
  Last revision: 1432724488 2015-05-27 11:01:28
2024-07-09 00:54:48	C:/Bitnami/wappstack-8.0.13-0/apache2/htdocs/siga_php8/help/core/data/pages/comprobante.txt	PageFile(comprobante)::detectExternalEdit(): timestamp successfully modified
  (1432722688 -> 1432724489)
2024-07-09 00:54:51	C:/Bitnami/wappstack-8.0.13-0/apache2/htdocs/siga_php8/help/core/data/pages/inicio.txt	Warning: current file modification time is older than last revision date
  File revision: 1437663910 2015-07-23 15:05:10
  Last revision: 1437665710 2015-07-23 15:35:10
2024-07-09 00:54:53	C:/Bitnami/wappstack-8.0.13-0/apache2/htdocs/siga_php8/help/core/data/pages/comprobantes_de_retencion.txt	Warning: current file modification time is older than last revision date
  File revision: 1432717644 2015-05-27 09:07:24
  Last revision: 1432719444 2015-05-27 09:37:24
2024-07-09 00:54:55	C:/Bitnami/wappstack-8.0.13-0/apache2/htdocs/siga_php8/help/core/data/pages/comprobantes_de_retencion.txt	Warning: current file modification time is older than last revision date
  File revision: 1432717644 2015-05-27 09:07:24
  Last revision: 1432719444 2015-05-27 09:37:24
2024-07-09 00:55:05	C:/Bitnami/wappstack-8.0.13-0/apache2/htdocs/siga_php8/help/core/data/pages/comprobantes_de_retencion.txt	Warning: current file modification time is older than last revision date
  File revision: 1432717644 2015-05-27 09:07:24
  Last revision: 1432719444 2015-05-27 09:37:24
2024-07-09 00:55:05	C:/Bitnami/wappstack-8.0.13-0/apache2/htdocs/siga_php8/help/core/data/pages/comprobantes_de_retencion.txt	Warning: current file modification time is older than last revision date
  File revision: 1432717644 2015-05-27 09:07:24
  Last revision: 1432719444 2015-05-27 09:37:24
2024-07-09 00:55:06	C:/Bitnami/wappstack-8.0.13-0/apache2/htdocs/siga_php8/help/core/data/pages/comprobantes_de_retencion.txt	Warning: current file modification time is older than last revision date
  File revision: 1432717644 2015-05-27 09:07:24
  Last revision: 1432719444 2015-05-27 09:37:24
2024-07-09 00:55:06	C:/Bitnami/wappstack-8.0.13-0/apache2/htdocs/siga_php8/help/core/data/pages/comprobantes_de_retencion.txt	Warning: current file modification time is older than last revision date
  File revision: 1432717644 2015-05-27 09:07:24
  Last revision: 1432719444 2015-05-27 09:37:24
2024-07-09 00:55:06	C:/Bitnami/wappstack-8.0.13-0/apache2/htdocs/siga_php8/help/core/data/pages/comprobantes_de_retencion.txt	PageFile(comprobantes_de_retencion)::detectExternalEdit(): timestamp successfully modified
  (1432717644 -> 1432719445)
2024-07-09 00:55:12	C:/Bitnami/wappstack-8.0.13-0/apache2/htdocs/siga_php8/help/core/data/pages/inicio.txt	Warning: current file modification time is older than last revision date
  File revision: 1437663910 2015-07-23 15:05:10
  Last revision: 1437665710 2015-07-23 15:35:10
2024-07-09 00:55:24	C:/Bitnami/wappstack-8.0.13-0/apache2/htdocs/siga_php8/help/core/data/pages/inicio.txt	Warning: current file modification time is older than last revision date
  File revision: 1437663910 2015-07-23 15:05:10
  Last revision: 1437665710 2015-07-23 15:35:10
2024-07-09 00:55:30	C:/Bitnami/wappstack-8.0.13-0/apache2/htdocs/siga_php8/help/core/data/pages/traspaso.txt	Warning: current file modification time is older than last revision date
  File revision: 1433317592 2015-06-03 07:46:32
  Last revision: 1433319392 2015-06-03 08:16:32
2024-07-09 00:55:41	C:/Bitnami/wappstack-8.0.13-0/apache2/htdocs/siga_php8/help/core/data/pages/traspaso.txt	Warning: current file modification time is older than last revision date
  File revision: 1433317592 2015-06-03 07:46:32
  Last revision: 1433319392 2015-06-03 08:16:32
2024-07-09 00:55:41	C:/Bitnami/wappstack-8.0.13-0/apache2/htdocs/siga_php8/help/core/data/pages/traspaso.txt	Warning: current file modification time is older than last revision date
  File revision: 1433317592 2015-06-03 07:46:32
  Last revision: 1433319392 2015-06-03 08:16:32
2024-07-09 00:55:43	C:/Bitnami/wappstack-8.0.13-0/apache2/htdocs/siga_php8/help/core/data/pages/traspaso.txt	Warning: current file modification time is older than last revision date
  File revision: 1433317592 2015-06-03 07:46:32
  Last revision: 1433319392 2015-06-03 08:16:32
2024-07-09 00:55:43	C:/Bitnami/wappstack-8.0.13-0/apache2/htdocs/siga_php8/help/core/data/pages/traspaso.txt	Warning: current file modification time is older than last revision date
  File revision: 1433317592 2015-06-03 07:46:32
  Last revision: 1433319392 2015-06-03 08:16:32
2024-07-09 00:55:43	C:/Bitnami/wappstack-8.0.13-0/apache2/htdocs/siga_php8/help/core/data/pages/traspaso.txt	PageFile(traspaso)::detectExternalEdit(): timestamp successfully modified
  (1433317592 -> 1433319393)
2024-07-09 00:55:46	C:/Bitnami/wappstack-8.0.13-0/apache2/htdocs/siga_php8/help/core/data/pages/inicio.txt	Warning: current file modification time is older than last revision date
  File revision: 1437663910 2015-07-23 15:05:10
  Last revision: 1437665710 2015-07-23 15:35:10
2024-07-09 00:55:51	C:/Bitnami/wappstack-8.0.13-0/apache2/htdocs/siga_php8/help/core/data/pages/credito_adicional.txt	Warning: current file modification time is older than last revision date
  File revision: 1433317450 2015-06-03 07:44:10
  Last revision: 1433319251 2015-06-03 08:14:11
2024-07-09 00:56:02	C:/Bitnami/wappstack-8.0.13-0/apache2/htdocs/siga_php8/help/core/data/pages/credito_adicional.txt	Warning: current file modification time is older than last revision date
  File revision: 1433317450 2015-06-03 07:44:10
  Last revision: 1433319251 2015-06-03 08:14:11
2024-07-09 00:56:02	C:/Bitnami/wappstack-8.0.13-0/apache2/htdocs/siga_php8/help/core/data/pages/credito_adicional.txt	Warning: current file modification time is older than last revision date
  File revision: 1433317450 2015-06-03 07:44:10
  Last revision: 1433319251 2015-06-03 08:14:11
2024-07-09 00:56:03	C:/Bitnami/wappstack-8.0.13-0/apache2/htdocs/siga_php8/help/core/data/pages/credito_adicional.txt	Warning: current file modification time is older than last revision date
  File revision: 1433317450 2015-06-03 07:44:10
  Last revision: 1433319251 2015-06-03 08:14:11
2024-07-09 00:56:03	C:/Bitnami/wappstack-8.0.13-0/apache2/htdocs/siga_php8/help/core/data/pages/credito_adicional.txt	Warning: current file modification time is older than last revision date
  File revision: 1433317450 2015-06-03 07:44:10
  Last revision: 1433319251 2015-06-03 08:14:11
2024-07-09 00:56:03	C:/Bitnami/wappstack-8.0.13-0/apache2/htdocs/siga_php8/help/core/data/pages/credito_adicional.txt	PageFile(credito_adicional)::detectExternalEdit(): timestamp successfully modified
  (1433317450 -> 1433319252)
2024-07-09 00:56:07	C:/Bitnami/wappstack-8.0.13-0/apache2/htdocs/siga_php8/help/core/data/pages/inicio.txt	Warning: current file modification time is older than last revision date
  File revision: 1437663910 2015-07-23 15:05:10
  Last revision: 1437665710 2015-07-23 15:35:10
2024-07-09 00:56:12	C:/Bitnami/wappstack-8.0.13-0/apache2/htdocs/siga_php8/help/core/data/pages/reduccion.txt	Warning: current file modification time is older than last revision date
  File revision: 1433317336 2015-06-03 07:42:16
  Last revision: 1433319136 2015-06-03 08:12:16
2024-07-09 00:56:23	C:/Bitnami/wappstack-8.0.13-0/apache2/htdocs/siga_php8/help/core/data/pages/reduccion.txt	Warning: current file modification time is older than last revision date
  File revision: 1433317336 2015-06-03 07:42:16
  Last revision: 1433319136 2015-06-03 08:12:16
2024-07-09 00:56:23	C:/Bitnami/wappstack-8.0.13-0/apache2/htdocs/siga_php8/help/core/data/pages/reduccion.txt	Warning: current file modification time is older than last revision date
  File revision: 1433317336 2015-06-03 07:42:16
  Last revision: 1433319136 2015-06-03 08:12:16
2024-07-09 00:56:24	C:/Bitnami/wappstack-8.0.13-0/apache2/htdocs/siga_php8/help/core/data/pages/reduccion.txt	Warning: current file modification time is older than last revision date
  File revision: 1433317336 2015-06-03 07:42:16
  Last revision: 1433319136 2015-06-03 08:12:16
2024-07-09 00:56:24	C:/Bitnami/wappstack-8.0.13-0/apache2/htdocs/siga_php8/help/core/data/pages/reduccion.txt	Warning: current file modification time is older than last revision date
  File revision: 1433317336 2015-06-03 07:42:16
  Last revision: 1433319136 2015-06-03 08:12:16
2024-07-09 00:56:24	C:/Bitnami/wappstack-8.0.13-0/apache2/htdocs/siga_php8/help/core/data/pages/reduccion.txt	PageFile(reduccion)::detectExternalEdit(): timestamp successfully modified
  (1433317336 -> 1433319137)
2024-07-09 00:56:26	C:/Bitnami/wappstack-8.0.13-0/apache2/htdocs/siga_php8/help/core/data/pages/inicio.txt	Warning: current file modification time is older than last revision date
  File revision: 1437663910 2015-07-23 15:05:10
  Last revision: 1437665710 2015-07-23 15:35:10
2024-07-09 00:56:32	C:/Bitnami/wappstack-8.0.13-0/apache2/htdocs/siga_php8/help/core/data/pages/disponibilidad_presupuestaria.txt	Warning: current file modification time is older than last revision date
  File revision: 1433233490 2015-06-02 08:24:50
  Last revision: 1433235291 2015-06-02 08:54:51
2024-07-09 00:56:42	C:/Bitnami/wappstack-8.0.13-0/apache2/htdocs/siga_php8/help/core/data/pages/disponibilidad_presupuestaria.txt	Warning: current file modification time is older than last revision date
  File revision: 1433233490 2015-06-02 08:24:50
  Last revision: 1433235291 2015-06-02 08:54:51
2024-07-09 00:56:42	C:/Bitnami/wappstack-8.0.13-0/apache2/htdocs/siga_php8/help/core/data/pages/disponibilidad_presupuestaria.txt	Warning: current file modification time is older than last revision date
  File revision: 1433233490 2015-06-02 08:24:50
  Last revision: 1433235291 2015-06-02 08:54:51
2024-07-09 00:56:43	C:/Bitnami/wappstack-8.0.13-0/apache2/htdocs/siga_php8/help/core/data/pages/disponibilidad_presupuestaria.txt	Warning: current file modification time is older than last revision date
  File revision: 1433233490 2015-06-02 08:24:50
  Last revision: 1433235291 2015-06-02 08:54:51
2024-07-09 00:56:43	C:/Bitnami/wappstack-8.0.13-0/apache2/htdocs/siga_php8/help/core/data/pages/disponibilidad_presupuestaria.txt	Warning: current file modification time is older than last revision date
  File revision: 1433233490 2015-06-02 08:24:50
  Last revision: 1433235291 2015-06-02 08:54:51
2024-07-09 00:56:43	C:/Bitnami/wappstack-8.0.13-0/apache2/htdocs/siga_php8/help/core/data/pages/disponibilidad_presupuestaria.txt	PageFile(disponibilidad_presupuestaria)::detectExternalEdit(): timestamp successfully modified
  (1433233490 -> 1433235292)
2024-07-09 00:56:46	C:/Bitnami/wappstack-8.0.13-0/apache2/htdocs/siga_php8/help/core/data/pages/inicio.txt	Warning: current file modification time is older than last revision date
  File revision: 1437663910 2015-07-23 15:05:10
  Last revision: 1437665710 2015-07-23 15:35:10
2024-07-09 00:56:51	C:/Bitnami/wappstack-8.0.13-0/apache2/htdocs/siga_php8/help/core/data/pages/cierre_de_meses.txt	Warning: current file modification time is older than last revision date
  File revision: 1433318164 2015-06-03 07:56:04
  Last revision: 1433319965 2015-06-03 08:26:05
2024-07-09 00:57:05	C:/Bitnami/wappstack-8.0.13-0/apache2/htdocs/siga_php8/help/core/data/pages/cierre_de_meses.txt	Warning: current file modification time is older than last revision date
  File revision: 1433318164 2015-06-03 07:56:04
  Last revision: 1433319965 2015-06-03 08:26:05
2024-07-09 00:57:05	C:/Bitnami/wappstack-8.0.13-0/apache2/htdocs/siga_php8/help/core/data/pages/cierre_de_meses.txt	Warning: current file modification time is older than last revision date
  File revision: 1433318164 2015-06-03 07:56:04
  Last revision: 1433319965 2015-06-03 08:26:05
2024-07-09 00:57:05	C:/Bitnami/wappstack-8.0.13-0/apache2/htdocs/siga_php8/help/core/data/pages/cierre_de_meses.txt	PageFile(cierre_de_meses)::detectExternalEdit(): timestamp successfully modified
  (1433318164 -> 1433319966)
2024-07-09 00:57:07	C:/Bitnami/wappstack-8.0.13-0/apache2/htdocs/siga_php8/help/core/data/pages/inicio.txt	Warning: current file modification time is older than last revision date
  File revision: 1437663910 2015-07-23 15:05:10
  Last revision: 1437665710 2015-07-23 15:35:10
2024-07-09 00:57:11	C:/Bitnami/wappstack-8.0.13-0/apache2/htdocs/siga_php8/help/core/data/pages/convertidor.txt	Warning: current file modification time is older than last revision date
  File revision: 1433491092 2015-06-05 07:58:12
  Last revision: 1433492892 2015-06-05 08:28:12
2024-07-09 00:57:21	C:/Bitnami/wappstack-8.0.13-0/apache2/htdocs/siga_php8/help/core/data/pages/convertidor.txt	Warning: current file modification time is older than last revision date
  File revision: 1433491092 2015-06-05 07:58:12
  Last revision: 1433492892 2015-06-05 08:28:12
2024-07-09 00:57:21	C:/Bitnami/wappstack-8.0.13-0/apache2/htdocs/siga_php8/help/core/data/pages/convertidor.txt	Warning: current file modification time is older than last revision date
  File revision: 1433491092 2015-06-05 07:58:12
  Last revision: 1433492892 2015-06-05 08:28:12
2024-07-09 00:57:21	C:/Bitnami/wappstack-8.0.13-0/apache2/htdocs/siga_php8/help/core/data/pages/convertidor.txt	PageFile(convertidor)::detectExternalEdit(): timestamp successfully modified
  (1433491092 -> 1433492893)
2024-07-09 00:57:23	C:/Bitnami/wappstack-8.0.13-0/apache2/htdocs/siga_php8/help/core/data/pages/inicio.txt	Warning: current file modification time is older than last revision date
  File revision: 1437663910 2015-07-23 15:05:10
  Last revision: 1437665710 2015-07-23 15:35:10
2024-07-09 00:57:53	C:/Bitnami/wappstack-8.0.13-0/apache2/htdocs/siga_php8/help/core/data/pages/inicio.txt	Warning: current file modification time is older than last revision date
  File revision: 1437663910 2015-07-23 15:05:10
  Last revision: 1437665710 2015-07-23 15:35:10
2024-07-09 00:57:59	C:/Bitnami/wappstack-8.0.13-0/apache2/htdocs/siga_php8/help/core/data/pages/plan_de_cuentas_contables.txt	Warning: current file modification time is older than last revision date
  File revision: 1433499808 2015-06-05 10:23:28
  Last revision: 1433501609 2015-06-05 10:53:29
2024-07-09 00:58:13	C:/Bitnami/wappstack-8.0.13-0/apache2/htdocs/siga_php8/help/core/data/pages/plan_de_cuentas_contables.txt	Warning: current file modification time is older than last revision date
  File revision: 1433499808 2015-06-05 10:23:28
  Last revision: 1433501609 2015-06-05 10:53:29
2024-07-09 00:58:13	C:/Bitnami/wappstack-8.0.13-0/apache2/htdocs/siga_php8/help/core/data/pages/plan_de_cuentas_contables.txt	Warning: current file modification time is older than last revision date
  File revision: 1433499808 2015-06-05 10:23:28
  Last revision: 1433501609 2015-06-05 10:53:29
2024-07-09 00:58:13	C:/Bitnami/wappstack-8.0.13-0/apache2/htdocs/siga_php8/help/core/data/pages/plan_de_cuentas_contables.txt	PageFile(plan_de_cuentas_contables)::detectExternalEdit(): timestamp successfully modified
  (1433499808 -> 1433501610)
2024-07-09 00:58:16	C:/Bitnami/wappstack-8.0.13-0/apache2/htdocs/siga_php8/help/core/data/pages/inicio.txt	Warning: current file modification time is older than last revision date
  File revision: 1437663910 2015-07-23 15:05:10
  Last revision: 1437665710 2015-07-23 15:35:10
2024-07-09 00:58:22	C:/Bitnami/wappstack-8.0.13-0/apache2/htdocs/siga_php8/help/core/data/pages/inicio.txt	Warning: current file modification time is older than last revision date
  File revision: 1437663910 2015-07-23 15:05:10
  Last revision: 1437665710 2015-07-23 15:35:10
2024-07-09 00:58:41	C:/Bitnami/wappstack-8.0.13-0/apache2/htdocs/siga_php8/help/core/data/pages/inicio.txt	Warning: current file modification time is older than last revision date
  File revision: 1437663910 2015-07-23 15:05:10
  Last revision: 1437665710 2015-07-23 15:35:10
2024-07-09 00:58:52	C:/Bitnami/wappstack-8.0.13-0/apache2/htdocs/siga_php8/help/core/data/pages/inicio.txt	Warning: current file modification time is older than last revision date
  File revision: 1437663910 2015-07-23 15:05:10
  Last revision: 1437665710 2015-07-23 15:35:10
2024-07-09 01:02:16	C:/Bitnami/wappstack-8.0.13-0/apache2/htdocs/siga_php8/help/core/data/pages/inicio.txt	Warning: current file modification time is older than last revision date
  File revision: 1437663910 2015-07-23 15:05:10
  Last revision: 1437665710 2015-07-23 15:35:10
2024-07-09 01:02:19	C:/Bitnami/wappstack-8.0.13-0/apache2/htdocs/siga_php8/help/core/data/pages/formulacion.txt	Warning: current file modification time is older than last revision date
  File revision: 1433235114 2015-06-02 08:51:54
  Last revision: 1433236914 2015-06-02 09:21:54
2024-07-09 01:02:31	C:/Bitnami/wappstack-8.0.13-0/apache2/htdocs/siga_php8/help/core/data/pages/inicio.txt	Warning: current file modification time is older than last revision date
  File revision: 1437663910 2015-07-23 15:05:10
  Last revision: 1437665710 2015-07-23 15:35:10
2024-07-09 01:02:38	C:/Bitnami/wappstack-8.0.13-0/apache2/htdocs/siga_php8/help/core/data/pages/inicio.txt	Warning: current file modification time is older than last revision date
  File revision: 1437663910 2015-07-23 15:05:10
  Last revision: 1437665710 2015-07-23 15:35:10
2024-07-09 01:02:47	C:/Bitnami/wappstack-8.0.13-0/apache2/htdocs/siga_php8/help/core/data/pages/inicio.txt	Warning: current file modification time is older than last revision date
  File revision: 1437663910 2015-07-23 15:05:10
  Last revision: 1437665710 2015-07-23 15:35:10
2024-07-09 01:03:01	C:/Bitnami/wappstack-8.0.13-0/apache2/htdocs/siga_php8/help/core/data/pages/inicio.txt	Warning: current file modification time is older than last revision date
  File revision: 1437663910 2015-07-23 15:05:10
  Last revision: 1437665710 2015-07-23 15:35:10
2024-07-09 01:03:05	C:/Bitnami/wappstack-8.0.13-0/apache2/htdocs/siga_php8/help/core/data/pages/formulacion.txt	Warning: current file modification time is older than last revision date
  File revision: 1433235114 2015-06-02 08:51:54
  Last revision: 1433236914 2015-06-02 09:21:54
2024-07-09 01:03:07	C:/Bitnami/wappstack-8.0.13-0/apache2/htdocs/siga_php8/help/core/data/pages/formulacion.txt	Warning: current file modification time is older than last revision date
  File revision: 1433235114 2015-06-02 08:51:54
  Last revision: 1433236914 2015-06-02 09:21:54
2024-07-09 01:03:20	C:/Bitnami/wappstack-8.0.13-0/apache2/htdocs/siga_php8/help/core/data/pages/formulacion.txt	Warning: current file modification time is older than last revision date
  File revision: 1433235114 2015-06-02 08:51:54
  Last revision: 1433236914 2015-06-02 09:21:54
2024-07-09 01:03:20	C:/Bitnami/wappstack-8.0.13-0/apache2/htdocs/siga_php8/help/core/data/pages/formulacion.txt	Warning: current file modification time is older than last revision date
  File revision: 1433235114 2015-06-02 08:51:54
  Last revision: 1433236914 2015-06-02 09:21:54
2024-07-09 01:03:22	C:/Bitnami/wappstack-8.0.13-0/apache2/htdocs/siga_php8/help/core/data/pages/formulacion.txt	Warning: current file modification time is older than last revision date
  File revision: 1433235114 2015-06-02 08:51:54
  Last revision: 1433236914 2015-06-02 09:21:54
2024-07-09 01:03:22	C:/Bitnami/wappstack-8.0.13-0/apache2/htdocs/siga_php8/help/core/data/pages/formulacion.txt	Warning: current file modification time is older than last revision date
  File revision: 1433235114 2015-06-02 08:51:54
  Last revision: 1433236914 2015-06-02 09:21:54
2024-07-09 01:03:22	C:/Bitnami/wappstack-8.0.13-0/apache2/htdocs/siga_php8/help/core/data/pages/formulacion.txt	PageFile(formulacion)::detectExternalEdit(): timestamp successfully modified
  (1433235114 -> 1433236915)
2024-07-09 01:03:24	C:/Bitnami/wappstack-8.0.13-0/apache2/htdocs/siga_php8/help/core/data/pages/inicio.txt	Warning: current file modification time is older than last revision date
  File revision: 1437663910 2015-07-23 15:05:10
  Last revision: 1437665710 2015-07-23 15:35:10
2024-07-09 01:03:27	C:/Bitnami/wappstack-8.0.13-0/apache2/htdocs/siga_php8/help/core/data/pages/estructura_presupuestaria.txt	Warning: current file modification time is older than last revision date
  File revision: 1433316772 2015-06-03 07:32:52
  Last revision: 1433318573 2015-06-03 08:02:53
2024-07-09 01:03:29	C:/Bitnami/wappstack-8.0.13-0/apache2/htdocs/siga_php8/help/core/data/pages/estructura_presupuestaria.txt	Warning: current file modification time is older than last revision date
  File revision: 1433316772 2015-06-03 07:32:52
  Last revision: 1433318573 2015-06-03 08:02:53
2024-07-09 01:03:39	C:/Bitnami/wappstack-8.0.13-0/apache2/htdocs/siga_php8/help/core/data/pages/estructura_presupuestaria.txt	Warning: current file modification time is older than last revision date
  File revision: 1433316772 2015-06-03 07:32:52
  Last revision: 1433318573 2015-06-03 08:02:53
2024-07-09 01:03:39	C:/Bitnami/wappstack-8.0.13-0/apache2/htdocs/siga_php8/help/core/data/pages/estructura_presupuestaria.txt	Warning: current file modification time is older than last revision date
  File revision: 1433316772 2015-06-03 07:32:52
  Last revision: 1433318573 2015-06-03 08:02:53
2024-07-09 01:03:41	C:/Bitnami/wappstack-8.0.13-0/apache2/htdocs/siga_php8/help/core/data/pages/estructura_presupuestaria.txt	Warning: current file modification time is older than last revision date
  File revision: 1433316772 2015-06-03 07:32:52
  Last revision: 1433318573 2015-06-03 08:02:53
2024-07-09 01:03:41	C:/Bitnami/wappstack-8.0.13-0/apache2/htdocs/siga_php8/help/core/data/pages/estructura_presupuestaria.txt	Warning: current file modification time is older than last revision date
  File revision: 1433316772 2015-06-03 07:32:52
  Last revision: 1433318573 2015-06-03 08:02:53
2024-07-09 01:03:41	C:/Bitnami/wappstack-8.0.13-0/apache2/htdocs/siga_php8/help/core/data/pages/estructura_presupuestaria.txt	PageFile(estructura_presupuestaria)::detectExternalEdit(): timestamp successfully modified
  (1433316772 -> 1433318574)
2024-07-09 01:03:43	C:/Bitnami/wappstack-8.0.13-0/apache2/htdocs/siga_php8/help/core/data/pages/inicio.txt	Warning: current file modification time is older than last revision date
  File revision: 1437663910 2015-07-23 15:05:10
  Last revision: 1437665710 2015-07-23 15:35:10
2024-07-09 01:03:48	C:/Bitnami/wappstack-8.0.13-0/apache2/htdocs/siga_php8/help/core/data/pages/inicio.txt	Warning: current file modification time is older than last revision date
  File revision: 1437663910 2015-07-23 15:05:10
  Last revision: 1437665710 2015-07-23 15:35:10
2024-07-09 01:03:57	C:/Bitnami/wappstack-8.0.13-0/apache2/htdocs/siga_php8/help/core/data/pages/inicio.txt	Warning: current file modification time is older than last revision date
  File revision: 1437663910 2015-07-23 15:05:10
  Last revision: 1437665710 2015-07-23 15:35:10
